<?xml version="1.0" encoding="UTF-8"?>
<!-- Generated by org.testng.reporters.JUnitReportReporter -->
<testsuite hostname="BLRCND52001551" failures="0" tests="1" name="com.qa.tests.PostAPITest" time="2.294" errors="0" timestamp="22 Apr 2020 12:40:17 GMT" skipped="0">
  <testcase classname="com.qa.tests.PostAPITest" name="PostAPITest" time="2.294"/>
</testsuite> <!-- com.qa.tests.PostAPITest -->
