<?xml version="1.0" encoding="UTF-8"?>
<!-- Generated by org.testng.reporters.JUnitReportReporter -->
<testsuite hostname="BLRCND52001551" failures="0" tests="2" name="com.qa.tests.GetAPITest" time="2.892" errors="0" timestamp="21 Apr 2020 20:49:47 GMT" skipped="0">
  <testcase classname="com.qa.tests.GetAPITest" name="getAPIwithHeaders" time="0.886"/>
  <testcase classname="com.qa.tests.GetAPITest" name="getAPITest" time="2.006"/>
</testsuite> <!-- com.qa.tests.GetAPITest -->
